<?xml version="1.0" encoding="UTF-8"?>
<!-- Generated by org.testng.reporters.JUnitReportReporter -->
<testsuite skipped="0" hostname="DESKTOP-LU9MCAK" name="volnayJen.VolnayTesNG" tests="1" failures="0" timestamp="16 Dec 2018 04:08:02 GMT" time="3.685" errors="0">
  <testcase name="f" time="3.685" classname="volnayJen.VolnayTesNG"/>
</testsuite> <!-- volnayJen.VolnayTesNG -->
