<?xml version="1.0" encoding="UTF-8"?>
<!-- Generated by org.testng.reporters.JUnitReportReporter -->
<testsuite skipped="0" hostname="DESKTOP-LU9MCAK" name="volnayJen.V2Test" tests="1" failures="0" timestamp="16 Dec 2018 22:47:49 GMT" time="4.063" errors="0">
  <testcase name="f" time="4.063" classname="volnayJen.V2Test"/>
</testsuite> <!-- volnayJen.V2Test -->
