<?xml version="1.0" encoding="UTF-8"?>
<!-- Generated by org.testng.reporters.JUnitReportReporter -->
<testsuite skipped="0" hostname="DESKTOP-LU9MCAK" name="volnayJen.V2Test" tests="1" failures="0" timestamp="16 Dec 2018 23:13:43 GMT" time="3.838" errors="0">
  <testcase name="f" time="3.838" classname="volnayJen.V2Test"/>
</testsuite> <!-- volnayJen.V2Test -->
