<?xml version="1.0" encoding="UTF-8"?>
<!-- Generated by org.testng.reporters.JUnitReportReporter -->
<testsuite skipped="0" hostname="DESKTOP-LU9MCAK" name="volnayJen.VolnayTesNG" tests="1" failures="0" timestamp="16 Dec 2018 04:21:21 GMT" time="4.294" errors="0">
  <testcase name="f" time="4.294" classname="volnayJen.VolnayTesNG"/>
</testsuite> <!-- volnayJen.VolnayTesNG -->
